<?xml version="1.0" encoding="UTF-8"?>
<!-- Generated by org.testng.reporters.JUnitReportReporter -->
<testsuite hostname="VAIO" name="Test11" tests="1" failures="0" timestamp="24 Mar 2017 14:03:58 GMT" time="2.794" errors="0">
  <testcase name="test11" time="2.794" classname="Test11"/>
</testsuite> <!-- Test11 -->
